\BOOKMARK [1][-]{section.1}{Introduction}{}% 1
\BOOKMARK [2][-]{subsection.1.1}{Background}{section.1}% 2
\BOOKMARK [2][-]{subsection.1.2}{Restatement\040of\040the\040Problem}{section.1}% 3
\BOOKMARK [1][-]{section.2}{Basic\040Assumptions}{}% 4
\BOOKMARK [2][-]{subsection.2.1}{Assumption\0401.}{section.2}% 5
\BOOKMARK [2][-]{subsection.2.2}{Assumption\0402.}{section.2}% 6
\BOOKMARK [1][-]{section.3}{Analysis\040of\040the\040Problem}{}% 7
\BOOKMARK [1][-]{section.4}{Models\040and\040Methodology}{}% 8
\BOOKMARK [2][-]{subsection.4.1}{Time\040Series\040Prediction}{section.4}% 9
\BOOKMARK [1][-]{section.5}{The\040Model\040Results}{}% 10
\BOOKMARK [1][-]{section.6}{Validating\040the\040Model}{}% 11
\BOOKMARK [1][-]{section.7}{Conclusions}{}% 12
\BOOKMARK [1][-]{section.8}{A\040Summary}{}% 13
\BOOKMARK [1][-]{section.9}{Evaluate\040of\040the\040Mode}{}% 14
\BOOKMARK [1][-]{section.10}{Strengths\040and\040weaknesses}{}% 15
\BOOKMARK [2][-]{subsection.10.1}{Strengths}{section.10}% 16
\BOOKMARK [2][-]{subsection.10.2}{Weaknesses}{section.10}% 17
\BOOKMARK [1][-]{section*.2}{Appendices}{}% 18
\BOOKMARK [1][-]{Appendix.a.A}{Appendix\040First\040appendix}{}% 19
\BOOKMARK [1][-]{Appendix.a.B}{Appendix\040Second\040appendix}{}% 20
